备份记录 Sun Aug 21 08:40:49 CST 2022
备份记录 Mon Aug 22 08:44:16 CST 2022
备份记录 Tue Aug 23 08:53:05 CST 2022
备份记录 Wed Aug 24 08:45:35 CST 2022
备份记录 Thu Aug 25 08:52:22 CST 2022
备份记录 Fri Aug 26 08:46:31 CST 2022
备份记录 Sat Aug 27 08:40:27 CST 2022
备份记录 Sun Aug 28 08:48:14 CST 2022
备份记录 Mon Aug 29 08:48:08 CST 2022
备份记录 Tue Aug 30 08:53:42 CST 2022
备份记录 Wed Aug 31 08:55:21 CST 2022
备份记录 Thu Sep 1 08:41:57 CST 2022
备份记录 Fri Sep 2 08:44:13 CST 2022
备份记录 Sat Sep 3 08:43:04 CST 2022
备份记录 Sun Sep 4 08:46:02 CST 2022
备份记录 Mon Sep 5 08:52:22 CST 2022
备份记录 Tue Sep 6 08:49:14 CST 2022
备份记录 Wed Sep 7 08:50:29 CST 2022
备份记录 Thu Sep 8 08:46:41 CST 2022
备份记录 Fri Sep 9 08:50:28 CST 2022
备份记录 Sat Sep 10 08:49:48 CST 2022
备份记录 Sun Sep 11 08:46:43 CST 2022
备份记录 Mon Sep 12 08:46:30 CST 2022
备份记录 Tue Sep 13 08:49:08 CST 2022
备份记录 Wed Sep 14 08:46:11 CST 2022
备份记录 Thu Sep 15 08:52:39 CST 2022
备份记录 Fri Sep 16 08:52:14 CST 2022
备份记录 Sat Sep 17 08:44:54 CST 2022
备份记录 Sun Sep 18 08:51:20 CST 2022
备份记录 Mon Sep 19 08:47:43 CST 2022
备份记录 Mon Sep 19 20:13:50 CST 2022
备份记录 Mon Sep 19 20:16:50 CST 2022
备份记录 Mon Sep 19 20:17:45 CST 2022
备份记录 Tue Sep 20 08:50:44 CST 2022
备份记录 Wed Sep 21 08:52:52 CST 2022
备份记录 Wed Sep 21 23:31:35 CST 2022
备份记录 Wed Sep 21 23:37:33 CST 2022
备份记录 Thu Sep 22 00:04:02 CST 2022
备份记录 Thu Sep 22 00:17:52 CST 2022
备份记录 Thu Sep 22 00:21:06 CST 2022
备份记录 Thu Sep 22 00:24:46 CST 2022
备份记录 Thu Sep 22 00:26:38 CST 2022
备份记录 Thu Sep 22 00:28:08 CST 2022
备份记录 Thu Sep 22 00:33:09 CST 2022
备份记录 Thu Sep 22 08:50:05 CST 2022
备份记录 Fri Sep 23 08:54:25 CST 2022
备份记录 Fri Sep 23 10:51:31 CST 2022
备份记录 Sat Sep 24 08:52:37 CST 2022
备份记录 Sun Sep 25 08:49:49 CST 2022
备份记录 Sun Sep 25 17:29:44 CST 2022
备份记录 Mon Sep 26 08:52:16 CST 2022
Actions运行记录 Mon Sep 26 20:15:44 CST 2022
Actions运行记录 Mon Sep 26 21:58:27 CST 2022
Actions运行记录 Mon Sep 26 22:01:33 CST 2022
Actions运行记录 Mon Sep 26 23:19:24 CST 2022
Actions运行记录 Tue Sep 27 08:55:01 CST 2022
Actions运行记录 Wed Sep 28 08:56:35 CST 2022
Actions运行记录 Thu Sep 29 09:01:27 CST 2022
Actions运行记录 Fri Sep 30 09:12:02 CST 2022
Actions运行记录 Sat Oct 1 09:07:18 CST 2022
Actions运行记录 Sat Oct 1 22:17:40 CST 2022
Actions运行记录 Sun Oct 2 08:58:55 CST 2022
Actions运行记录 Mon Oct 3 08:51:37 CST 2022
Actions运行记录 Tue Oct 4 09:00:30 CST 2022
Actions运行记录 Wed Oct 5 08:59:32 CST 2022
Actions运行记录 Thu Oct 6 08:54:31 CST 2022
Actions运行记录 Fri Oct 7 09:05:57 CST 2022
Actions运行记录 Sat Oct 8 08:49:47 CST 2022
Actions运行记录 Sun Oct 9 08:51:55 CST 2022
Actions运行记录 Mon Oct 10 08:57:31 CST 2022
Actions运行记录 Tue Oct 11 08:51:45 CST 2022
Actions运行记录 Wed Oct 12 09:04:53 CST 2022
Actions运行记录 Thu Oct 13 08:56:03 CST 2022
Actions运行记录 Fri Oct 14 09:03:20 CST 2022
Actions运行记录 Sat Oct 15 08:56:07 CST 2022
Actions运行记录 Sun Oct 16 08:58:32 CST 2022
Actions运行记录 Mon Oct 17 09:01:47 CST 2022
Actions运行记录 Tue Oct 18 08:57:46 CST 2022
Actions运行记录 Wed Oct 19 08:59:12 CST 2022
Actions运行记录 Thu Oct 20 08:53:17 CST 2022
Actions运行记录 Fri Oct 21 08:52:48 CST 2022
Actions运行记录 Sat Oct 22 08:59:54 CST 2022
Actions运行记录 Sun Oct 23 08:57:30 CST 2022
Actions运行记录 Mon Oct 24 09:03:28 CST 2022
Actions运行记录 Tue Oct 25 09:01:29 CST 2022
Actions运行记录 Wed Oct 26 08:47:41 CST 2022
Actions运行记录 Thu Oct 27 08:50:57 CST 2022
Actions运行记录 Fri Oct 28 08:52:38 CST 2022
Actions运行记录 Sat Oct 29 08:41:00 CST 2022
Actions运行记录 Sun Oct 30 08:55:01 CST 2022
Actions运行记录 Mon Oct 31 08:54:46 CST 2022
Actions运行记录 Tue Nov 1 08:57:43 CST 2022
Actions运行记录 Wed Nov 2 08:52:59 CST 2022
Actions运行记录 Thu Nov 3 08:47:15 CST 2022
Actions运行记录 Fri Nov 4 08:49:24 CST 2022
Actions运行记录 Sat Nov 5 08:47:35 CST 2022
Actions运行记录 Sun Nov 6 08:45:53 CST 2022
Actions运行记录 Mon Nov 7 08:42:59 CST 2022
Actions运行记录 Tue Nov 8 08:44:06 CST 2022
Actions运行记录 Wed Nov 9 08:44:01 CST 2022
Actions运行记录 Thu Nov 10 08:44:37 CST 2022
Actions运行记录 Fri Nov 11 08:48:16 CST 2022
Actions运行记录 Sat Nov 12 08:47:55 CST 2022
Actions运行记录 Sun Nov 13 08:43:17 CST 2022
Actions运行记录 Mon Nov 14 08:41:09 CST 2022
Actions运行记录 Tue Nov 15 08:42:34 CST 2022
Actions运行记录 Wed Nov 16 08:42:58 CST 2022
Actions运行记录 Thu Nov 17 08:41:50 CST 2022
Actions运行记录 Fri Nov 18 08:46:38 CST 2022
Actions运行记录 Sat Nov 19 08:44:03 CST 2022
Actions运行记录 Sun Nov 20 08:45:11 CST 2022
Actions运行记录 Mon Nov 21 08:43:11 CST 2022
Actions运行记录 Tue Nov 22 08:43:42 CST 2022
Actions运行记录 Wed Nov 23 08:37:25 CST 2022
Actions运行记录 Thu Nov 24 08:43:01 CST 2022
Actions运行记录 Fri Nov 25 08:39:41 CST 2022
Actions运行记录 Sat Nov 26 08:35:40 CST 2022
Actions运行记录 Sun Nov 27 08:42:06 CST 2022
Actions运行记录 Mon Nov 28 08:36:34 CST 2022
Actions运行记录 Tue Nov 29 08:39:56 CST 2022
Actions运行记录 Wed Nov 30 08:40:20 CST 2022
Actions运行记录 Thu Dec 1 08:43:42 CST 2022
Actions运行记录 Fri Dec 2 08:36:27 CST 2022
Actions运行记录 Sat Dec 3 08:34:39 CST 2022
Actions运行记录 Sun Dec 4 08:37:04 CST 2022
Actions运行记录 Mon Dec 5 08:36:06 CST 2022
Actions运行记录 Tue Dec 6 08:35:18 CST 2022
Actions运行记录 Wed Dec 7 08:37:29 CST 2022
Actions运行记录 Thu Dec 8 08:35:49 CST 2022
Actions运行记录 Fri Dec 9 08:37:30 CST 2022
Actions运行记录 Sat Dec 10 08:36:02 CST 2022
Actions运行记录 Sun Dec 11 08:41:02 CST 2022
Actions运行记录 Mon Dec 12 08:39:11 CST 2022
Actions运行记录 Tue Dec 13 08:40:21 CST 2022
Actions运行记录 Wed Dec 14 08:37:00 CST 2022
Actions运行记录 Thu Dec 15 08:39:03 CST 2022
Actions运行记录 Fri Dec 16 08:36:00 CST 2022
Actions运行记录 Sat Dec 17 08:33:54 CST 2022
Actions运行记录 Sun Dec 18 08:35:01 CST 2022
Actions运行记录 Mon Dec 19 08:33:03 CST 2022
Actions运行记录 Tue Dec 20 08:36:52 CST 2022
Actions运行记录 Wed Dec 21 08:33:51 CST 2022
Actions运行记录 Thu Dec 22 08:36:29 CST 2022
Actions运行记录 Fri Dec 23 08:35:25 CST 2022
Actions运行记录 Sat Dec 24 08:31:29 CST 2022
Actions运行记录 Sun Dec 25 08:38:17 CST 2022
Actions运行记录 Mon Dec 26 08:36:40 CST 2022
Actions运行记录 Tue Dec 27 08:36:09 CST 2022
Actions运行记录 Wed Dec 28 08:35:07 CST 2022
Actions运行记录 Thu Dec 29 08:36:52 CST 2022
Actions运行记录 Fri Dec 30 08:37:01 CST 2022
Actions运行记录 Sat Dec 31 08:35:04 CST 2022
Actions运行记录 Sun Jan 1 08:40:48 CST 2023
Actions运行记录 Mon Jan 2 08:36:38 CST 2023
Actions运行记录 Tue Jan 3 08:36:40 CST 2023
Actions运行记录 Wed Jan 4 08:36:58 CST 2023
Actions运行记录 Thu Jan 5 08:37:48 CST 2023
Actions运行记录 Fri Jan 6 08:37:59 CST 2023
Actions运行记录 Sat Jan 7 08:36:18 CST 2023
Actions运行记录 Sun Jan 8 08:39:07 CST 2023
Actions运行记录 Mon Jan 9 08:36:10 CST 2023
Actions运行记录 Tue Jan 10 08:42:27 CST 2023
Actions运行记录 Wed Jan 11 08:37:31 CST 2023
Actions运行记录 Thu Jan 12 08:37:51 CST 2023
Actions运行记录 Fri Jan 13 08:38:21 CST 2023
Actions运行记录 Fri Jan 13 20:20:44 CST 2023
Actions运行记录 Sat Jan 14 08:35:52 CST 2023
Actions运行记录 Sun Jan 15 08:40:21 CST 2023
Actions运行记录 Mon Jan 16 08:37:01 CST 2023
Actions运行记录 Tue Jan 17 08:38:06 CST 2023
Actions运行记录 Wed Jan 18 08:38:34 CST 2023
Actions运行记录 Thu Jan 19 08:38:28 CST 2023
Actions运行记录 Fri Jan 20 08:38:22 CST 2023
Actions运行记录 Sat Jan 21 08:37:45 CST 2023
Actions运行记录 Sun Jan 22 08:40:10 CST 2023
Actions运行记录 Mon Jan 23 08:35:46 CST 2023
Actions运行记录 Tue Jan 24 08:39:27 CST 2023
Actions运行记录 Wed Jan 25 08:36:44 CST 2023
Actions运行记录 Thu Jan 26 08:37:02 CST 2023
Actions运行记录 Fri Jan 27 08:39:16 CST 2023
Actions运行记录 Sat Jan 28 08:37:55 CST 2023
Actions运行记录 Sun Jan 29 08:41:59 CST 2023
Actions运行记录 Mon Jan 30 08:34:15 CST 2023
Actions运行记录 Tue Jan 31 08:40:04 CST 2023
Actions运行记录 Wed Feb 1 08:43:18 CST 2023
Actions运行记录 Thu Feb 2 08:39:15 CST 2023
Actions运行记录 Fri Feb 3 08:40:08 CST 2023
Actions运行记录 Sat Feb 4 08:36:01 CST 2023
Actions运行记录 Sun Feb 5 08:41:38 CST 2023
Actions运行记录 Mon Feb 6 08:36:17 CST 2023
Actions运行记录 Tue Feb 7 08:38:29 CST 2023
Actions运行记录 Wed Feb 8 08:38:00 CST 2023
Actions运行记录 Thu Feb 9 08:37:24 CST 2023
Actions运行记录 Fri Feb 10 08:40:46 CST 2023
Actions运行记录 Sat Feb 11 08:34:09 CST 2023
Actions运行记录 Sun Feb 12 08:41:10 CST 2023
Actions运行记录 Mon Feb 13 08:40:53 CST 2023
Actions运行记录 Tue Feb 14 08:39:35 CST 2023
Actions运行记录 Tue Feb 14 18:28:00 CST 2023
Actions运行记录 Wed Feb 15 08:39:03 CST 2023
Actions运行记录 Thu Feb 16 08:38:54 CST 2023
Actions运行记录 Fri Feb 17 08:42:19 CST 2023
Actions运行记录 Sat Feb 18 08:39:12 CST 2023
Actions运行记录 Sun Feb 19 08:39:55 CST 2023
Actions运行记录 Mon Feb 20 08:41:07 CST 2023
Actions运行记录 Tue Feb 21 08:41:08 CST 2023
Actions运行记录 Wed Feb 22 08:36:27 CST 2023
Actions运行记录 Thu Feb 23 08:37:53 CST 2023
Actions运行记录 Fri Feb 24 08:38:22 CST 2023
Actions运行记录 Sat Feb 25 08:39:33 CST 2023
Actions运行记录 Sun Feb 26 08:44:15 CST 2023
Actions运行记录 Mon Feb 27 08:40:01 CST 2023
Actions运行记录 Tue Feb 28 08:39:40 CST 2023
Actions运行记录 Wed Mar 1 08:43:49 CST 2023
Actions运行记录 Thu Mar 2 08:42:55 CST 2023
Actions运行记录 Fri Mar 3 10:32:28 CST 2023
Actions运行记录 Sat Mar 4 08:38:01 CST 2023
Actions运行记录 Sun Mar 5 08:46:11 CST 2023
Actions运行记录 Mon Mar 6 08:40:23 CST 2023
Actions运行记录 Tue Mar 7 08:42:32 CST 2023
Actions运行记录 Wed Mar 8 08:41:13 CST 2023
Actions运行记录 Thu Mar 9 08:40:30 CST 2023
Actions运行记录 Fri Mar 10 08:40:01 CST 2023
Actions运行记录 Sat Mar 11 08:34:19 CST 2023
Actions运行记录 Sun Mar 12 08:40:32 CST 2023
Actions运行记录 Mon Mar 13 08:38:40 CST 2023
Actions运行记录 Tue Mar 14 08:34:21 CST 2023
Actions运行记录 Wed Mar 15 08:38:22 CST 2023
Actions运行记录 Thu Mar 16 08:40:18 CST 2023
Actions运行记录 Fri Mar 17 08:38:22 CST 2023
Actions运行记录 Sat Mar 18 08:36:52 CST 2023
Actions运行记录 Sun Mar 19 08:41:19 CST 2023
Actions运行记录 Mon Mar 20 08:39:33 CST 2023
Actions运行记录 Tue Mar 21 08:35:55 CST 2023
Actions运行记录 Wed Mar 22 08:35:17 CST 2023
Actions运行记录 Thu Mar 23 08:37:01 CST 2023
Actions运行记录 Fri Mar 24 08:35:41 CST 2023
Actions运行记录 Sat Mar 25 08:35:18 CST 2023
Actions运行记录 Sun Mar 26 08:38:59 CST 2023
Actions运行记录 Mon Mar 27 08:35:50 CST 2023
Actions运行记录 Tue Mar 28 08:37:23 CST 2023
Actions运行记录 Wed Mar 29 08:40:55 CST 2023
Actions运行记录 Thu Mar 30 08:37:07 CST 2023
Actions运行记录 Fri Mar 31 08:37:37 CST 2023
Actions运行记录 Sat Apr 1 08:36:59 CST 2023
Actions运行记录 Sun Apr 2 08:38:12 CST 2023
Actions运行记录 Mon Apr 3 08:36:01 CST 2023
Actions运行记录 Tue Apr 4 08:35:09 CST 2023
Actions运行记录 Wed Apr 5 08:30:15 CST 2023
Actions运行记录 Thu Apr 6 08:33:45 CST 2023
Actions运行记录 Fri Apr 7 08:31:13 CST 2023
Actions运行记录 Sat Apr 8 08:32:54 CST 2023
Actions运行记录 Sun Apr 9 08:36:17 CST 2023
Actions运行记录 Mon Apr 10 08:36:03 CST 2023
Actions运行记录 Tue Apr 11 08:35:41 CST 2023
Actions运行记录 Wed Apr 12 08:34:50 CST 2023
Actions运行记录 Fri Apr 14 08:33:36 CST 2023
Actions运行记录 Sat Apr 15 08:37:00 CST 2023
Actions运行记录 Sun Apr 16 08:36:44 CST 2023
Actions运行记录 Mon Apr 17 08:35:33 CST 2023
Actions运行记录 Tue Apr 18 08:34:05 CST 2023
Actions运行记录 Wed Apr 19 08:36:08 CST 2023
Actions运行记录 Thu Apr 20 08:34:02 CST 2023
Actions运行记录 Fri Apr 21 08:34:19 CST 2023
Actions运行记录 Sat Apr 22 08:34:40 CST 2023
Actions运行记录 Sun Apr 23 08:38:30 CST 2023
Actions运行记录 Mon Apr 24 08:35:49 CST 2023
Actions运行记录 Tue Apr 25 08:36:01 CST 2023
Actions运行记录 Wed Apr 26 08:35:48 CST 2023
Actions运行记录 Thu Apr 27 08:37:26 CST 2023
Actions运行记录 Fri Apr 28 08:36:05 CST 2023
Actions运行记录 Sat Apr 29 08:34:08 CST 2023
Actions运行记录 Sun Apr 30 08:38:20 CST 2023
Actions运行记录 Mon May 1 08:37:05 CST 2023
Actions运行记录 Tue May 2 08:35:33 CST 2023
Actions运行记录 Wed May 3 08:34:51 CST 2023
Actions运行记录 Thu May 4 08:35:25 CST 2023
Actions运行记录 Fri May 5 08:32:51 CST 2023
Actions运行记录 Sat May 6 08:32:18 CST 2023
Actions运行记录 Sun May 7 08:36:51 CST 2023
Actions运行记录 Mon May 8 08:34:08 CST 2023
Actions运行记录 Tue May 9 08:35:53 CST 2023
Actions运行记录 Wed May 10 08:35:07 CST 2023
Actions运行记录 Thu May 11 08:35:32 CST 2023
Actions运行记录 Fri May 12 08:34:50 CST 2023
Actions运行记录 Sat May 13 08:33:17 CST 2023
Actions运行记录 Sun May 14 08:37:18 CST 2023
Actions运行记录 Mon May 15 08:36:35 CST 2023
Actions运行记录 Tue May 16 08:35:20 CST 2023
Actions运行记录 Wed May 17 08:38:37 CST 2023
Actions运行记录 Thu May 18 08:35:25 CST 2023
Actions运行记录 Fri May 19 08:35:44 CST 2023
Actions运行记录 Sat May 20 08:33:59 CST 2023
Actions运行记录 Sun May 21 08:38:40 CST 2023
Actions运行记录 Mon May 22 08:37:38 CST 2023
Actions运行记录 Tue May 23 08:36:25 CST 2023
Actions运行记录 Wed May 24 08:35:54 CST 2023
Actions运行记录 Thu May 25 08:34:54 CST 2023
Actions运行记录 Fri May 26 08:36:13 CST 2023
Actions运行记录 Sat May 27 08:36:57 CST 2023
Actions运行记录 Sun May 28 08:38:44 CST 2023
Actions运行记录 Mon May 29 08:36:58 CST 2023
Actions运行记录 Tue May 30 08:38:13 CST 2023
Actions运行记录 Wed May 31 08:40:27 CST 2023
Actions运行记录 Thu Jun 1 08:50:48 CST 2023
Actions运行记录 Fri Jun 2 08:42:03 CST 2023
Actions运行记录 Sat Jun 3 08:39:48 CST 2023
Actions运行记录 Sun Jun 4 08:46:43 CST 2023
Actions运行记录 Mon Jun 5 08:40:59 CST 2023
Actions运行记录 Tue Jun 6 08:42:31 CST 2023
Actions运行记录 Wed Jun 7 08:42:46 CST 2023
Actions运行记录 Thu Jun 8 08:41:09 CST 2023
Actions运行记录 Fri Jun 9 08:43:40 CST 2023
Actions运行记录 Sat Jun 10 08:38:22 CST 2023
Actions运行记录 Sun Jun 11 08:44:36 CST 2023
Actions运行记录 Mon Jun 12 08:43:17 CST 2023
Actions运行记录 Tue Jun 13 08:40:56 CST 2023
Actions运行记录 Wed Jun 14 08:38:41 CST 2023
Actions运行记录 Thu Jun 15 08:40:03 CST 2023
Actions运行记录 Fri Jun 16 08:41:06 CST 2023
Actions运行记录 Sat Jun 17 08:40:25 CST 2023
Actions运行记录 Sun Jun 18 08:44:47 CST 2023
Actions运行记录 Mon Jun 19 08:40:10 CST 2023
Actions运行记录 Tue Jun 20 08:38:17 CST 2023
Actions运行记录 Wed Jun 21 08:41:25 CST 2023
Actions运行记录 Thu Jun 22 08:40:46 CST 2023
Actions运行记录 Fri Jun 23 08:43:56 CST 2023
Actions运行记录 Sat Jun 24 08:44:29 CST 2023
Actions运行记录 Sun Jun 25 08:50:13 CST 2023
Actions运行记录 Mon Jun 26 08:45:54 CST 2023
Actions运行记录 Tue Jun 27 08:44:55 CST 2023
Actions运行记录 Wed Jun 28 08:45:34 CST 2023
Actions运行记录 Thu Jun 29 08:43:50 CST 2023
Actions运行记录 Fri Jun 30 08:42:44 CST 2023
Actions运行记录 Sat Jul 1 08:51:19 CST 2023
Actions运行记录 Sun Jul 2 08:48:06 CST 2023
Actions运行记录 Mon Jul 3 08:45:34 CST 2023
Actions运行记录 Tue Jul 4 08:45:47 CST 2023
Actions运行记录 Wed Jul 5 08:45:48 CST 2023
Actions运行记录 Thu Jul 6 08:46:50 CST 2023
Actions运行记录 Fri Jul 7 08:45:59 CST 2023
Actions运行记录 Sat Jul 8 08:44:24 CST 2023
Actions运行记录 Sun Jul 9 08:49:55 CST 2023
Actions运行记录 Sun Jul 9 14:47:05 CST 2023
Actions运行记录 Mon Jul 10 10:00:12 CST 2023
Actions运行记录 Tue Jul 11 09:50:25 CST 2023
Actions运行记录 Wed Jul 12 09:58:29 CST 2023
Actions运行记录 Thu Jul 13 10:01:09 CST 2023
Actions运行记录 Fri Jul 14 10:00:57 CST 2023
Actions运行记录 Sat Jul 15 09:59:22 CST 2023
Actions运行记录 Sun Jul 16 10:11:38 CST 2023
Actions运行记录 Mon Jul 17 10:04:05 CST 2023
Actions运行记录 Tue Jul 18 10:08:20 CST 2023
Actions运行记录 Wed Jul 19 10:56:09 CST 2023
Actions运行记录 Thu Jul 20 09:38:45 CST 2023
Actions运行记录 Fri Jul 21 09:40:51 CST 2023
Actions运行记录 Sat Jul 22 09:38:02 CST 2023
Actions运行记录 Sun Jul 23 09:45:28 CST 2023
Actions运行记录 Mon Jul 24 09:40:16 CST 2023
Actions运行记录 Tue Jul 25 09:50:38 CST 2023
Actions运行记录 Wed Jul 26 09:41:38 CST 2023
Actions运行记录 Thu Jul 27 09:23:48 CST 2023
Actions运行记录 Fri Jul 28 09:25:01 CST 2023
Actions运行记录 Sat Jul 29 09:25:30 CST 2023
Actions运行记录 Sun Jul 30 09:35:09 CST 2023
Actions运行记录 Mon Jul 31 09:35:45 CST 2023
Actions运行记录 Tue Aug 1 09:43:55 CST 2023
Actions运行记录 Wed Aug 2 09:23:54 CST 2023
Actions运行记录 Thu Aug 3 09:31:33 CST 2023
Actions运行记录 Fri Aug 4 09:33:32 CST 2023
Actions运行记录 Sat Aug 5 09:24:41 CST 2023
Actions运行记录 Sun Aug 6 09:21:51 CST 2023
Actions运行记录 Mon Aug 7 09:33:51 CST 2023
Actions运行记录 Tue Aug 8 09:25:00 CST 2023
Actions运行记录 Wed Aug 9 09:33:13 CST 2023
Actions运行记录 Thu Aug 10 09:37:12 CST 2023
Actions运行记录 Fri Aug 11 09:13:14 CST 2023
Actions运行记录 Sat Aug 12 09:12:29 CST 2023
Actions运行记录 Sun Aug 13 09:17:31 CST 2023
Actions运行记录 Mon Aug 14 09:14:48 CST 2023
Actions运行记录 Tue Aug 15 09:14:05 CST 2023
Actions运行记录 Wed Aug 16 09:13:35 CST 2023
Actions运行记录 Thu Aug 17 09:12:35 CST 2023
Actions运行记录 Fri Aug 18 09:13:28 CST 2023
Actions运行记录 Sat Aug 19 09:11:24 CST 2023
Actions运行记录 Sun Aug 20 09:16:58 CST 2023
Actions运行记录 Mon Aug 21 09:14:01 CST 2023
Actions运行记录 Tue Aug 22 09:14:53 CST 2023
Actions运行记录 Wed Aug 23 09:13:55 CST 2023
Actions运行记录 Thu Aug 24 09:13:36 CST 2023
Actions运行记录 Fri Aug 25 09:15:25 CST 2023
Actions运行记录 Sat Aug 26 09:12:21 CST 2023
Actions运行记录 Sun Aug 27 09:18:55 CST 2023
Actions运行记录 Mon Aug 28 09:15:52 CST 2023
Actions运行记录 Tue Aug 29 09:15:44 CST 2023
Actions运行记录 Wed Aug 30 09:15:28 CST 2023
Actions运行记录 Thu Aug 31 09:15:59 CST 2023
Actions运行记录 Fri Sep 1 09:20:13 CST 2023
Actions运行记录 Sat Sep 2 09:12:57 CST 2023
Actions运行记录 Sun Sep 3 09:19:17 CST 2023
Actions运行记录 Mon Sep 4 09:16:32 CST 2023
Actions运行记录 Tue Sep 5 09:14:26 CST 2023
Actions运行记录 Wed Sep 6 09:15:34 CST 2023
Actions运行记录 Thu Sep 7 09:15:51 CST 2023
Actions运行记录 Fri Sep 8 09:16:11 CST 2023
Actions运行记录 Sat Sep 9 09:13:36 CST 2023
Actions运行记录 Sun Sep 10 09:19:55 CST 2023
Actions运行记录 Mon Sep 11 09:16:49 CST 2023
Actions运行记录 Tue Sep 12 09:14:17 CST 2023
Actions运行记录 Wed Sep 13 09:17:09 CST 2023
Actions运行记录 Thu Sep 14 09:15:11 CST 2023
Actions运行记录 Fri Sep 15 09:17:00 CST 2023
Actions运行记录 Sat Sep 16 09:14:30 CST 2023
Actions运行记录 Sun Sep 17 09:20:08 CST 2023
Actions运行记录 Mon Sep 18 09:16:22 CST 2023
Actions运行记录 Tue Sep 19 09:17:11 CST 2023
Actions运行记录 Wed Sep 20 09:16:21 CST 2023
Actions运行记录 Thu Sep 21 09:15:46 CST 2023
Actions运行记录 Fri Sep 22 09:16:36 CST 2023
Actions运行记录 Sat Sep 23 09:14:15 CST 2023
Actions运行记录 Sun Sep 24 09:20:27 CST 2023
Actions运行记录 Mon Sep 25 09:17:29 CST 2023
Actions运行记录 Tue Sep 26 09:17:20 CST 2023
Actions运行记录 Wed Sep 27 09:17:22 CST 2023
Actions运行记录 Thu Sep 28 09:16:50 CST 2023
Actions运行记录 Fri Sep 29 09:16:50 CST 2023
Actions运行记录 Sat Sep 30 09:15:22 CST 2023
Actions运行记录 Sun Oct 1 09:26:27 CST 2023
Actions运行记录 Mon Oct 2 09:17:43 CST 2023
Actions运行记录 Tue Oct 3 09:17:37 CST 2023
Actions运行记录 Wed Oct 4 09:18:56 CST 2023
Actions运行记录 Thu Oct 5 09:17:15 CST 2023
Actions运行记录 Fri Oct 6 09:17:12 CST 2023
Actions运行记录 Sat Oct 7 09:16:16 CST 2023
Actions运行记录 Sun Oct 8 09:22:04 CST 2023
Actions运行记录 Mon Oct 9 09:17:09 CST 2023
Actions运行记录 Tue Oct 10 09:16:45 CST 2023
Actions运行记录 Wed Oct 11 09:16:57 CST 2023
Actions运行记录 Thu Oct 12 09:14:56 CST 2023
Actions运行记录 Fri Oct 13 09:19:11 CST 2023
Actions运行记录 Sat Oct 14 09:15:21 CST 2023
Actions运行记录 Sun Oct 15 09:22:25 CST 2023
Actions运行记录 Mon Oct 16 09:18:50 CST 2023
Actions运行记录 Tue Oct 17 09:17:55 CST 2023
Actions运行记录 Wed Oct 18 09:17:46 CST 2023
Actions运行记录 Thu Oct 19 09:17:21 CST 2023
Actions运行记录 Fri Oct 20 09:17:15 CST 2023
Actions运行记录 Sat Oct 21 09:15:15 CST 2023
Actions运行记录 Sun Oct 22 09:22:19 CST 2023
Actions运行记录 Mon Oct 23 09:17:39 CST 2023
Actions运行记录 Tue Oct 24 09:16:57 CST 2023
Actions运行记录 Wed Oct 25 09:16:58 CST 2023
Actions运行记录 Thu Oct 26 09:15:48 CST 2023
Actions运行记录 Fri Oct 27 09:16:02 CST 2023
Actions运行记录 Sat Oct 28 09:14:33 CST 2023
Actions运行记录 Sun Oct 29 09:21:25 CST 2023
Actions运行记录 Mon Oct 30 09:17:47 CST 2023
Actions运行记录 Tue Oct 31 09:18:01 CST 2023
Actions运行记录 Wed Nov 1 09:22:03 CST 2023
Actions运行记录 Thu Nov 2 09:17:24 CST 2023
Actions运行记录 Fri Nov 3 09:18:12 CST 2023
Actions运行记录 Sat Nov 4 09:17:07 CST 2023
Actions运行记录 Sun Nov 5 09:23:07 CST 2023
Actions运行记录 Mon Nov 6 09:20:31 CST 2023
Actions运行记录 Tue Nov 7 09:19:34 CST 2023
Actions运行记录 Wed Nov 8 09:18:41 CST 2023
Actions运行记录 Thu Nov 9 09:19:09 CST 2023
Actions运行记录 Fri Nov 10 09:18:35 CST 2023
Actions运行记录 Sat Nov 11 10:15:17 CST 2023
Actions运行记录 Sun Nov 12 09:23:47 CST 2023
Actions运行记录 Mon Nov 13 09:20:45 CST 2023
Actions运行记录 Tue Nov 14 09:19:09 CST 2023
Actions运行记录 Wed Nov 15 09:20:41 CST 2023
Actions运行记录 Thu Nov 16 09:21:36 CST 2023
Actions运行记录 Fri Nov 17 09:21:23 CST 2023
Actions运行记录 Sat Nov 18 09:20:23 CST 2023
Actions运行记录 Sun Nov 19 09:26:28 CST 2023
Actions运行记录 Mon Nov 20 09:22:04 CST 2023
Actions运行记录 Tue Nov 21 09:24:10 CST 2023
Actions运行记录 Wed Nov 22 09:23:38 CST 2023
Actions运行记录 Thu Nov 23 09:20:46 CST 2023
Actions运行记录 Fri Nov 24 09:19:07 CST 2023
Actions运行记录 Sat Nov 25 09:17:58 CST 2023
Actions运行记录 Sun Nov 26 09:25:16 CST 2023
Actions运行记录 Mon Nov 27 09:21:17 CST 2023
Actions运行记录 Tue Nov 28 09:22:09 CST 2023
Actions运行记录 Wed Nov 29 09:22:08 CST 2023
Actions运行记录 Thu Nov 30 09:21:14 CST 2023
Actions运行记录 Fri Dec 1 09:33:50 CST 2023
Actions运行记录 Sat Dec 2 09:18:04 CST 2023
Actions运行记录 Sun Dec 3 09:25:15 CST 2023
Actions运行记录 Mon Dec 4 09:22:01 CST 2023
Actions运行记录 Tue Dec 5 09:22:32 CST 2023
Actions运行记录 Wed Dec 6 09:22:09 CST 2023
Actions运行记录 Thu Dec 7 09:21:45 CST 2023
Actions运行记录 Fri Dec 8 09:22:18 CST 2023
Actions运行记录 Sat Dec 9 09:20:05 CST 2023
Actions运行记录 Sun Dec 10 09:27:39 CST 2023
Actions运行记录 Mon Dec 11 09:22:27 CST 2023
Actions运行记录 Tue Dec 12 09:22:13 CST 2023
Actions运行记录 Wed Dec 13 09:21:50 CST 2023
Actions运行记录 Thu Dec 14 09:20:45 CST 2023
Actions运行记录 Fri Dec 15 09:22:37 CST 2023
Actions运行记录 Sat Dec 16 09:20:32 CST 2023
Actions运行记录 Sun Dec 17 09:26:45 CST 2023
Actions运行记录 Mon Dec 18 09:22:11 CST 2023
Actions运行记录 Tue Dec 19 09:21:17 CST 2023
Actions运行记录 Wed Dec 20 09:06:31 CST 2023
Actions运行记录 Thu Dec 21 09:20:09 CST 2023
Actions运行记录 Fri Dec 22 09:19:23 CST 2023
Actions运行记录 Sat Dec 23 09:17:05 CST 2023
Actions运行记录 Sun Dec 24 09:24:41 CST 2023
Actions运行记录 Mon Dec 25 09:21:16 CST 2023
Actions运行记录 Tue Dec 26 09:18:12 CST 2023
Actions运行记录 Wed Dec 27 09:18:27 CST 2023
Actions运行记录 Thu Dec 28 09:18:23 CST 2023
Actions运行记录 Fri Dec 29 09:09:48 CST 2023
Actions运行记录 Sat Dec 30 09:17:57 CST 2023
Actions运行记录 Sun Dec 31 09:25:36 CST 2023
Actions运行记录 Mon Jan 1 09:33:26 CST 2024
Actions运行记录 Tue Jan 2 09:20:45 CST 2024
Actions运行记录 Wed Jan 3 09:20:21 CST 2024
Actions运行记录 Thu Jan 4 09:20:48 CST 2024
Actions运行记录 Fri Jan 5 09:21:10 CST 2024
Actions运行记录 Sat Jan 6 09:20:28 CST 2024
Actions运行记录 Sun Jan 7 09:33:23 CST 2024
Actions运行记录 Mon Jan 8 09:22:40 CST 2024
Actions运行记录 Tue Jan 9 09:22:26 CST 2024
Actions运行记录 Wed Jan 10 09:22:54 CST 2024
Actions运行记录 Thu Jan 11 09:22:31 CST 2024
Actions运行记录 Fri Jan 12 09:22:49 CST 2024
Actions运行记录 Sat Jan 13 09:21:44 CST 2024
Actions运行记录 Sun Jan 14 09:33:41 CST 2024
Actions运行记录 Mon Jan 15 09:24:57 CST 2024
Actions运行记录 Tue Jan 16 09:22:25 CST 2024
Actions运行记录 Wed Jan 17 09:22:57 CST 2024
Actions运行记录 Thu Jan 18 09:22:14 CST 2024
Actions运行记录 Fri Jan 19 09:23:20 CST 2024
Actions运行记录 Sat Jan 20 09:21:41 CST 2024
Actions运行记录 Sun Jan 21 09:34:07 CST 2024
Actions运行记录 Mon Jan 22 09:26:06 CST 2024
Actions运行记录 Tue Jan 23 09:24:08 CST 2024
Actions运行记录 Wed Jan 24 09:23:57 CST 2024
Actions运行记录 Thu Jan 25 09:24:15 CST 2024
Actions运行记录 Fri Jan 26 09:17:53 CST 2024
Actions运行记录 Sat Jan 27 09:15:27 CST 2024
Actions运行记录 Sun Jan 28 09:21:26 CST 2024
Actions运行记录 Mon Jan 29 09:16:52 CST 2024
Actions运行记录 Tue Jan 30 09:16:25 CST 2024
Actions运行记录 Wed Jan 31 09:17:08 CST 2024
Actions运行记录 Thu Feb 1 09:20:30 CST 2024
Actions运行记录 Fri Feb 2 09:17:15 CST 2024
Actions运行记录 Sat Feb 3 09:15:41 CST 2024
Actions运行记录 Sun Feb 4 09:21:25 CST 2024
Actions运行记录 Mon Feb 5 09:18:39 CST 2024
Actions运行记录 Tue Feb 6 09:16:12 CST 2024
Actions运行记录 Wed Feb 7 09:14:46 CST 2024
Actions运行记录 Thu Feb 8 09:15:18 CST 2024
Actions运行记录 Fri Feb 9 09:15:14 CST 2024
Actions运行记录 Sat Feb 10 09:14:03 CST 2024
Actions运行记录 Sun Feb 11 09:21:24 CST 2024
Actions运行记录 Mon Feb 12 09:16:21 CST 2024
Actions运行记录 Tue Feb 13 09:16:41 CST 2024
Actions运行记录 Wed Feb 14 09:18:03 CST 2024
Actions运行记录 Thu Feb 15 09:16:19 CST 2024
Actions运行记录 Fri Feb 16 09:16:04 CST 2024
Actions运行记录 Sat Feb 17 09:15:35 CST 2024
Actions运行记录 Sun Feb 18 09:20:33 CST 2024
Actions运行记录 Mon Feb 19 09:17:26 CST 2024
Actions运行记录 Tue Feb 20 09:15:05 CST 2024
Actions运行记录 Wed Feb 21 09:16:19 CST 2024
Actions运行记录 Thu Feb 22 09:15:50 CST 2024
Actions运行记录 Fri Feb 23 09:14:59 CST 2024
Actions运行记录 Sat Feb 24 09:13:22 CST 2024
Actions运行记录 Sun Feb 25 09:20:20 CST 2024
Actions运行记录 Mon Feb 26 09:17:39 CST 2024
Actions运行记录 Tue Feb 27 09:15:08 CST 2024
Actions运行记录 Wed Feb 28 09:14:47 CST 2024
Actions运行记录 Thu Feb 29 09:15:19 CST 2024
Actions运行记录 Fri Mar 1 09:21:52 CST 2024
Actions运行记录 Sat Mar 2 09:13:49 CST 2024
Actions运行记录 Sun Mar 3 09:19:31 CST 2024
Actions运行记录 Mon Mar 4 09:16:39 CST 2024
Actions运行记录 Tue Mar 5 09:15:23 CST 2024
Actions运行记录 Wed Mar 6 09:15:59 CST 2024
Actions运行记录 Thu Mar 7 09:02:56 CST 2024
Actions运行记录 Fri Mar 8 09:15:59 CST 2024
Actions运行记录 Sat Mar 9 09:12:59 CST 2024
Actions运行记录 Sun Mar 10 09:20:26 CST 2024
Actions运行记录 Mon Mar 11 09:16:42 CST 2024
Actions运行记录 Tue Mar 12 09:15:17 CST 2024
Actions运行记录 Wed Mar 13 09:17:26 CST 2024
Actions运行记录 Thu Mar 14 09:15:50 CST 2024
Actions运行记录 Fri Mar 15 09:16:44 CST 2024
Actions运行记录 Sat Mar 16 09:14:48 CST 2024
Actions运行记录 Sun Mar 17 09:20:55 CST 2024
Actions运行记录 Mon Mar 18 09:17:01 CST 2024
Actions运行记录 Tue Mar 19 09:16:44 CST 2024
Actions运行记录 Wed Mar 20 09:16:17 CST 2024
Actions运行记录 Thu Mar 21 09:17:21 CST 2024
Actions运行记录 Fri Mar 22 09:16:04 CST 2024
Actions运行记录 Sat Mar 23 09:14:48 CST 2024
Actions运行记录 Sun Mar 24 09:23:10 CST 2024
Actions运行记录 Mon Mar 25 09:18:22 CST 2024
Actions运行记录 Tue Mar 26 09:16:22 CST 2024
Actions运行记录 Wed Mar 27 09:16:16 CST 2024
Actions运行记录 Thu Mar 28 09:16:46 CST 2024
Actions运行记录 Fri Mar 29 09:16:52 CST 2024
Actions运行记录 Sat Mar 30 09:14:26 CST 2024
Actions运行记录 Sun Mar 31 09:23:38 CST 2024
Actions运行记录 Mon Apr 1 09:23:43 CST 2024
Actions运行记录 Tue Apr 2 09:20:54 CST 2024
Actions运行记录 Wed Apr 3 09:16:56 CST 2024
Actions运行记录 Thu Apr 4 09:18:16 CST 2024
Actions运行记录 Fri Apr 5 09:17:25 CST 2024
Actions运行记录 Sat Apr 6 09:15:38 CST 2024
Actions运行记录 Sun Apr 7 09:23:38 CST 2024
Actions运行记录 Mon Apr 8 09:19:05 CST 2024
Actions运行记录 Tue Apr 9 09:18:06 CST 2024
Actions运行记录 Wed Apr 10 09:17:11 CST 2024
Actions运行记录 Thu Apr 11 09:18:47 CST 2024
Actions运行记录 Fri Apr 12 09:18:21 CST 2024
Actions运行记录 Sat Apr 13 09:04:37 CST 2024
Actions运行记录 Sun Apr 14 09:49:01 CST 2024
Actions运行记录 Mon Apr 15 11:34:15 CST 2024
Actions运行记录 Tue Apr 16 09:17:41 CST 2024
Actions运行记录 Wed Apr 17 09:18:13 CST 2024
Actions运行记录 Thu Apr 18 09:17:50 CST 2024
Actions运行记录 Fri Apr 19 09:19:00 CST 2024
Actions运行记录 Sat Apr 20 09:18:09 CST 2024
Actions运行记录 Sun Apr 21 09:24:07 CST 2024
Actions运行记录 Mon Apr 22 09:21:16 CST 2024
Actions运行记录 Tue Apr 23 09:19:38 CST 2024
Actions运行记录 Wed Apr 24 09:21:09 CST 2024
Actions运行记录 Thu Apr 25 09:21:02 CST 2024
Actions运行记录 Fri Apr 26 09:19:35 CST 2024
Actions运行记录 Sat Apr 27 09:18:16 CST 2024
Actions运行记录 Sun Apr 28 09:24:53 CST 2024
Actions运行记录 Mon Apr 29 09:20:49 CST 2024
Actions运行记录 Tue Apr 30 09:19:18 CST 2024
Actions运行记录 Wed May 1 09:25:12 CST 2024
Actions运行记录 Thu May 2 09:19:28 CST 2024
Actions运行记录 Fri May 3 09:22:25 CST 2024
Actions运行记录 Sat May 4 09:19:15 CST 2024
Actions运行记录 Sun May 5 09:25:11 CST 2024
Actions运行记录 Mon May 6 09:21:37 CST 2024
Actions运行记录 Tue May 7 09:21:11 CST 2024
Actions运行记录 Wed May 8 09:07:07 CST 2024
Actions运行记录 Thu May 9 09:20:49 CST 2024
Actions运行记录 Fri May 10 09:21:43 CST 2024
Actions运行记录 Sat May 11 09:20:37 CST 2024
Actions运行记录 Sun May 12 09:33:01 CST 2024
Actions运行记录 Mon May 13 09:23:29 CST 2024
Actions运行记录 Tue May 14 09:21:42 CST 2024
Actions运行记录 Wed May 15 09:22:35 CST 2024
Actions运行记录 Thu May 16 09:22:13 CST 2024
Actions运行记录 Fri May 17 09:22:19 CST 2024
Actions运行记录 Sat May 18 09:21:40 CST 2024
Actions运行记录 Sun May 19 09:33:13 CST 2024
Actions运行记录 Mon May 20 09:22:55 CST 2024
Actions运行记录 Tue May 21 09:22:14 CST 2024
Actions运行记录 Wed May 22 09:23:00 CST 2024
Actions运行记录 Thu May 23 09:22:16 CST 2024
Actions运行记录 Fri May 24 09:22:50 CST 2024
Actions运行记录 Sat May 25 09:21:37 CST 2024
Actions运行记录 Sun May 26 09:34:25 CST 2024
Actions运行记录 Mon May 27 09:24:41 CST 2024
Actions运行记录 Tue May 28 09:23:16 CST 2024
Actions运行记录 Wed May 29 09:33:06 CST 2024
Actions运行记录 Thu May 30 09:23:43 CST 2024
Actions运行记录 Fri May 31 09:24:29 CST 2024
Actions运行记录 Sat Jun 1 09:34:41 CST 2024
Actions运行记录 Sun Jun 2 09:34:47 CST 2024
Actions运行记录 Mon Jun 3 09:25:41 CST 2024
Actions运行记录 Tue Jun 4 09:24:58 CST 2024
Actions运行记录 Wed Jun 5 09:24:28 CST 2024
Actions运行记录 Thu Jun 6 09:24:21 CST 2024
Actions运行记录 Fri Jun 7 09:32:57 CST 2024
Actions运行记录 Sat Jun 8 09:24:33 CST 2024
Actions运行记录 Sun Jun 9 09:38:00 CST 2024
Actions运行记录 Mon Jun 10 09:33:56 CST 2024
Actions运行记录 Tue Jun 11 09:26:14 CST 2024
Actions运行记录 Wed Jun 12 09:25:59 CST 2024
Actions运行记录 Thu Jun 13 09:25:27 CST 2024
Actions运行记录 Fri Jun 14 09:25:36 CST 2024
Actions运行记录 Sat Jun 15 09:25:26 CST 2024
Actions运行记录 Sun Jun 16 09:38:01 CST 2024
Actions运行记录 Mon Jun 17 09:35:10 CST 2024
Actions运行记录 Tue Jun 18 09:32:34 CST 2024
Actions运行记录 Wed Jun 19 09:32:49 CST 2024
Actions运行记录 Thu Jun 20 09:24:24 CST 2024
Actions运行记录 Fri Jun 21 09:24:50 CST 2024
Actions运行记录 Sat Jun 22 09:24:23 CST 2024
Actions运行记录 Sun Jun 23 09:36:46 CST 2024
Actions运行记录 Mon Jun 24 09:33:50 CST 2024
Actions运行记录 Tue Jun 25 09:26:00 CST 2024
Actions运行记录 Wed Jun 26 09:25:50 CST 2024
Actions运行记录 Thu Jun 27 09:26:16 CST 2024
Actions运行记录 Fri Jun 28 09:26:19 CST 2024
Actions运行记录 Sat Jun 29 09:24:56 CST 2024
Actions运行记录 Sun Jun 30 09:39:09 CST 2024
Actions运行记录 Mon Jul 1 09:42:00 CST 2024
Actions运行记录 Tue Jul 2 09:33:02 CST 2024
Actions运行记录 Wed Jul 3 09:32:37 CST 2024
Actions运行记录 Thu Jul 4 09:33:04 CST 2024
Actions运行记录 Fri Jul 5 09:32:46 CST 2024
Actions运行记录 Sat Jul 6 09:24:57 CST 2024
Actions运行记录 Sun Jul 7 09:40:05 CST 2024
Actions运行记录 Mon Jul 8 09:35:49 CST 2024
Actions运行记录 Tue Jul 9 09:34:25 CST 2024
Actions运行记录 Wed Jul 10 09:34:42 CST 2024
Actions运行记录 Thu Jul 11 09:34:54 CST 2024
Actions运行记录 Fri Jul 12 09:33:31 CST 2024
Actions运行记录 Sat Jul 13 09:34:07 CST 2024
Actions运行记录 Sun Jul 14 09:41:38 CST 2024
Actions运行记录 Mon Jul 15 09:37:21 CST 2024
Actions运行记录 Tue Jul 16 09:36:39 CST 2024
Actions运行记录 Wed Jul 17 09:35:24 CST 2024
Actions运行记录 Thu Jul 18 09:33:43 CST 2024
Actions运行记录 Fri Jul 19 09:40:25 CST 2024
Actions运行记录 Sat Jul 20 09:32:40 CST 2024
Actions运行记录 Sun Jul 21 09:40:48 CST 2024
Actions运行记录 Mon Jul 22 09:38:09 CST 2024
Actions运行记录 Tue Jul 23 09:35:52 CST 2024
Actions运行记录 Wed Jul 24 09:35:42 CST 2024
Actions运行记录 Thu Jul 25 09:35:17 CST 2024
Actions运行记录 Fri Jul 26 09:34:29 CST 2024
Actions运行记录 Sat Jul 27 09:33:28 CST 2024
Actions运行记录 Sun Jul 28 09:41:44 CST 2024
Actions运行记录 Mon Jul 29 09:38:23 CST 2024
Actions运行记录 Tue Jul 30 09:35:44 CST 2024
Actions运行记录 Wed Jul 31 09:14:42 CST 2024
Actions运行记录 Thu Aug 1 09:43:08 CST 2024
Actions运行记录 Fri Aug 2 09:35:22 CST 2024
Actions运行记录 Sat Aug 3 09:33:56 CST 2024
Actions运行记录 Sun Aug 4 09:41:50 CST 2024
Actions运行记录 Mon Aug 5 09:38:26 CST 2024
Actions运行记录 Tue Aug 6 09:36:17 CST 2024
Actions运行记录 Wed Aug 7 09:37:18 CST 2024
Actions运行记录 Thu Aug 8 09:36:57 CST 2024
Actions运行记录 Fri Aug 9 09:38:11 CST 2024
Actions运行记录 Sat Aug 10 09:37:21 CST 2024
Actions运行记录 Sun Aug 11 09:43:30 CST 2024
Actions运行记录 Mon Aug 12 09:39:54 CST 2024
Actions运行记录 Tue Aug 13 09:39:10 CST 2024
Actions运行记录 Wed Aug 14 09:37:38 CST 2024
Actions运行记录 Thu Aug 15 09:25:49 CST 2024
Actions运行记录 Fri Aug 16 09:36:45 CST 2024
Actions运行记录 Sat Aug 17 09:34:06 CST 2024
Actions运行记录 Sun Aug 18 09:41:48 CST 2024
Actions运行记录 Mon Aug 19 09:39:00 CST 2024
Actions运行记录 Tue Aug 20 09:36:38 CST 2024
Actions运行记录 Wed Aug 21 09:36:58 CST 2024
Actions运行记录 Thu Aug 22 09:38:47 CST 2024
Actions运行记录 Fri Aug 23 09:37:43 CST 2024
Actions运行记录 Sat Aug 24 09:35:38 CST 2024
Actions运行记录 Sun Aug 25 09:44:28 CST 2024
Actions运行记录 Mon Aug 26 09:39:02 CST 2024
Actions运行记录 Tue Aug 27 09:39:21 CST 2024
Actions运行记录 Wed Aug 28 09:40:22 CST 2024
Actions运行记录 Thu Aug 29 09:41:07 CST 2024
Actions运行记录 Fri Aug 30 09:41:38 CST 2024
Actions运行记录 Sat Aug 31 09:40:43 CST 2024
Actions运行记录 Sun Sep 1 09:55:24 CST 2024
Actions运行记录 Mon Sep 2 09:43:31 CST 2024
Actions运行记录 Tue Sep 3 09:40:40 CST 2024
Actions运行记录 Wed Sep 4 09:41:53 CST 2024
Actions运行记录 Thu Sep 5 09:42:01 CST 2024
Actions运行记录 Fri Sep 6 09:41:54 CST 2024
Actions运行记录 Sat Sep 7 09:40:15 CST 2024
Actions运行记录 Sun Sep 8 09:48:41 CST 2024
Actions运行记录 Mon Sep 9 09:45:11 CST 2024
Actions运行记录 Tue Sep 10 09:43:26 CST 2024
Actions运行记录 Wed Sep 11 09:42:15 CST 2024
Actions运行记录 Thu Sep 12 09:42:26 CST 2024
Actions运行记录 Fri Sep 13 09:43:16 CST 2024
Actions运行记录 Sat Sep 14 09:41:35 CST 2024
Actions运行记录 Sun Sep 15 09:52:39 CST 2024
Actions运行记录 Mon Sep 16 09:49:03 CST 2024
Actions运行记录 Tue Sep 17 09:20:35 CST 2024
Actions运行记录 Wed Sep 18 09:42:54 CST 2024
Actions运行记录 Thu Sep 19 09:44:54 CST 2024
Actions运行记录 Fri Sep 20 09:44:44 CST 2024
Actions运行记录 Sat Sep 21 09:42:52 CST 2024
Actions运行记录 Sun Sep 22 09:53:07 CST 2024
Actions运行记录 Mon Sep 23 09:47:40 CST 2024
Actions运行记录 Tue Sep 24 09:47:48 CST 2024
Actions运行记录 Wed Sep 25 09:48:42 CST 2024
Actions运行记录 Thu Sep 26 09:46:41 CST 2024
Actions运行记录 Fri Sep 27 09:47:36 CST 2024
Actions运行记录 Sat Sep 28 09:46:38 CST 2024
Actions运行记录 Sun Sep 29 09:54:42 CST 2024
Actions运行记录 Mon Sep 30 09:51:09 CST 2024
Actions运行记录 Tue Oct 1 09:56:45 CST 2024
Actions运行记录 Wed Oct 2 09:47:13 CST 2024
Actions运行记录 Thu Oct 3 09:47:34 CST 2024
Actions运行记录 Fri Oct 4 09:47:51 CST 2024
Actions运行记录 Sat Oct 5 09:46:06 CST 2024
Actions运行记录 Sun Oct 6 09:54:15 CST 2024
Actions运行记录 Mon Oct 7 09:50:59 CST 2024
Actions运行记录 Tue Oct 8 09:47:55 CST 2024
Actions运行记录 Wed Oct 9 09:46:56 CST 2024
Actions运行记录 Thu Oct 10 09:47:24 CST 2024
Actions运行记录 Fri Oct 11 09:47:02 CST 2024
Actions运行记录 Sat Oct 12 09:44:34 CST 2024
Actions运行记录 Sun Oct 13 09:53:43 CST 2024
Actions运行记录 Mon Oct 14 09:50:25 CST 2024
Actions运行记录 Tue Oct 15 09:48:59 CST 2024
Actions运行记录 Wed Oct 16 09:49:10 CST 2024
Actions运行记录 Thu Oct 17 09:47:51 CST 2024
Actions运行记录 Fri Oct 18 09:48:18 CST 2024
Actions运行记录 Sat Oct 19 09:46:23 CST 2024
Actions运行记录 Sun Oct 20 09:55:45 CST 2024
Actions运行记录 Mon Oct 21 09:50:52 CST 2024
Actions运行记录 Tue Oct 22 09:49:01 CST 2024
Actions运行记录 Wed Oct 23 09:47:37 CST 2024
Actions运行记录 Thu Oct 24 09:47:41 CST 2024
Actions运行记录 Fri Oct 25 09:48:43 CST 2024
Actions运行记录 Sat Oct 26 09:45:09 CST 2024
Actions运行记录 Sun Oct 27 09:54:34 CST 2024
Actions运行记录 Mon Oct 28 09:52:37 CST 2024
Actions运行记录 Tue Oct 29 09:50:14 CST 2024
Actions运行记录 Wed Oct 30 09:49:02 CST 2024
Actions运行记录 Thu Oct 31 09:50:15 CST 2024
Actions运行记录 Fri Nov 1 09:56:10 CST 2024
Actions运行记录 Sat Nov 2 09:46:26 CST 2024
Actions运行记录 Sun Nov 3 09:54:44 CST 2024
Actions运行记录 Mon Nov 4 09:50:48 CST 2024
Actions运行记录 Tue Nov 5 09:46:32 CST 2024
Actions运行记录 Wed Nov 6 09:45:50 CST 2024
Actions运行记录 Thu Nov 7 09:45:57 CST 2024
Actions运行记录 Fri Nov 8 09:46:40 CST 2024
Actions运行记录 Sat Nov 9 09:43:22 CST 2024
Actions运行记录 Sun Nov 10 09:51:50 CST 2024
Actions运行记录 Mon Nov 11 09:48:25 CST 2024
Actions运行记录 Tue Nov 12 09:45:06 CST 2024
Actions运行记录 Wed Nov 13 09:47:19 CST 2024
Actions运行记录 Thu Nov 14 09:47:22 CST 2024
Actions运行记录 Fri Nov 15 09:53:51 CST 2024
Actions运行记录 Sat Nov 16 09:51:43 CST 2024
Actions运行记录 Sun Nov 17 09:58:23 CST 2024
Actions运行记录 Mon Nov 18 09:55:55 CST 2024
Actions运行记录 Tue Nov 19 09:53:40 CST 2024
Actions运行记录 Wed Nov 20 09:52:36 CST 2024
Actions运行记录 Thu Nov 21 09:52:26 CST 2024
Actions运行记录 Fri Nov 22 09:53:41 CST 2024
Actions运行记录 Sat Nov 23 09:49:27 CST 2024
Actions运行记录 Sun Nov 24 10:00:00 CST 2024
Actions运行记录 Mon Nov 25 09:55:42 CST 2024
Actions运行记录 Tue Nov 26 09:54:28 CST 2024
Actions运行记录 Wed Nov 27 09:55:57 CST 2024
Actions运行记录 Thu Nov 28 09:55:41 CST 2024
Actions运行记录 Fri Nov 29 09:55:33 CST 2024
Actions运行记录 Sat Nov 30 09:52:14 CST 2024
Actions运行记录 Sun Dec 1 10:13:01 CST 2024
Actions运行记录 Mon Dec 2 09:59:32 CST 2024
Actions运行记录 Tue Dec 3 09:57:35 CST 2024
Actions运行记录 Wed Dec 4 09:57:58 CST 2024
Actions运行记录 Thu Dec 5 09:57:58 CST 2024
Actions运行记录 Fri Dec 6 09:56:39 CST 2024
Actions运行记录 Sat Dec 7 09:55:40 CST 2024
Actions运行记录 Sun Dec 8 10:05:07 CST 2024
Actions运行记录 Mon Dec 9 10:01:10 CST 2024
Actions运行记录 Tue Dec 10 09:59:34 CST 2024
Actions运行记录 Wed Dec 11 09:57:42 CST 2024
Actions运行记录 Thu Dec 12 09:57:24 CST 2024
Actions运行记录 Fri Dec 13 09:58:53 CST 2024
Actions运行记录 Sat Dec 14 09:54:06 CST 2024
Actions运行记录 Sun Dec 15 10:04:55 CST 2024
Actions运行记录 Mon Dec 16 10:01:27 CST 2024
Actions运行记录 Tue Dec 17 09:57:14 CST 2024
Actions运行记录 Wed Dec 18 09:53:23 CST 2024
Actions运行记录 Thu Dec 19 09:54:19 CST 2024
Actions运行记录 Fri Dec 20 09:48:44 CST 2024
Actions运行记录 Sat Dec 21 09:46:21 CST 2024
Actions运行记录 Sun Dec 22 09:55:16 CST 2024
Actions运行记录 Mon Dec 23 09:50:17 CST 2024
Actions运行记录 Tue Dec 24 09:47:50 CST 2024
Actions运行记录 Wed Dec 25 09:46:35 CST 2024
Actions运行记录 Thu Dec 26 09:47:02 CST 2024
Actions运行记录 Fri Dec 27 09:47:39 CST 2024
Actions运行记录 Sat Dec 28 09:45:35 CST 2024
Actions运行记录 Sun Dec 29 09:56:18 CST 2024
Actions运行记录 Mon Dec 30 09:51:06 CST 2024
Actions运行记录 Tue Dec 31 09:47:26 CST 2024
Actions运行记录 Wed Jan 1 09:55:44 CST 2025
Actions运行记录 Thu Jan 2 09:47:00 CST 2025
Actions运行记录 Fri Jan 3 09:48:03 CST 2025
Actions运行记录 Sat Jan 4 09:45:56 CST 2025
Actions运行记录 Sun Jan 5 09:55:16 CST 2025
Actions运行记录 Mon Jan 6 09:52:50 CST 2025
Actions运行记录 Tue Jan 7 09:49:23 CST 2025
Actions运行记录 Wed Jan 8 09:48:30 CST 2025
Actions运行记录 Thu Jan 9 10:19:36 CST 2025
Actions运行记录 Fri Jan 10 09:50:51 CST 2025
Actions运行记录 Sat Jan 11 09:48:20 CST 2025
Actions运行记录 Sun Jan 12 09:57:10 CST 2025
Actions运行记录 Mon Jan 13 09:53:34 CST 2025
Actions运行记录 Tue Jan 14 09:43:55 CST 2025
Actions运行记录 Wed Jan 15 09:45:29 CST 2025
Actions运行记录 Thu Jan 16 09:44:51 CST 2025
Actions运行记录 Fri Jan 17 09:44:11 CST 2025
Actions运行记录 Sat Jan 18 09:41:52 CST 2025
Actions运行记录 Sun Jan 19 09:51:44 CST 2025
Actions运行记录 Mon Jan 20 09:47:14 CST 2025
Actions运行记录 Tue Jan 21 09:45:02 CST 2025
Actions运行记录 Wed Jan 22 09:47:38 CST 2025
Actions运行记录 Thu Jan 23 09:45:41 CST 2025
Actions运行记录 Fri Jan 24 09:45:38 CST 2025
Actions运行记录 Sat Jan 25 09:41:07 CST 2025
Actions运行记录 Sun Jan 26 09:48:18 CST 2025
Actions运行记录 Mon Jan 27 09:47:33 CST 2025
Actions运行记录 Tue Jan 28 09:44:59 CST 2025
Actions运行记录 Wed Jan 29 09:45:05 CST 2025
Actions运行记录 Thu Jan 30 09:43:49 CST 2025
Actions运行记录 Fri Jan 31 09:45:55 CST 2025
Actions运行记录 Sat Feb 1 09:50:24 CST 2025
Actions运行记录 Sun Feb 2 09:51:20 CST 2025
Actions运行记录 Mon Feb 3 09:46:46 CST 2025
Actions运行记录 Tue Feb 4 09:45:52 CST 2025
Actions运行记录 Wed Feb 5 09:47:05 CST 2025
Actions运行记录 Thu Feb 6 09:47:20 CST 2025
Actions运行记录 Fri Feb 7 09:47:37 CST 2025
Actions运行记录 Sat Feb 8 09:44:05 CST 2025
Actions运行记录 Sun Feb 9 09:51:35 CST 2025
Actions运行记录 Mon Feb 10 09:48:41 CST 2025
Actions运行记录 Tue Feb 11 09:47:07 CST 2025
Actions运行记录 Wed Feb 12 09:47:19 CST 2025
Actions运行记录 Thu Feb 13 09:48:03 CST 2025
Actions运行记录 Fri Feb 14 09:47:27 CST 2025
Actions运行记录 Sat Feb 15 09:46:10 CST 2025
Actions运行记录 Sun Feb 16 09:54:59 CST 2025
Actions运行记录 Mon Feb 17 09:51:22 CST 2025
Actions运行记录 Tue Feb 18 09:47:23 CST 2025
Actions运行记录 Wed Feb 19 09:48:29 CST 2025
Actions运行记录 Thu Feb 20 09:48:44 CST 2025
Actions运行记录 Fri Feb 21 09:48:55 CST 2025
Actions运行记录 Sat Feb 22 09:45:27 CST 2025
Actions运行记录 Sun Feb 23 09:55:00 CST 2025
Actions运行记录 Mon Feb 24 09:51:50 CST 2025
Actions运行记录 Tue Feb 25 09:51:00 CST 2025
Actions运行记录 Wed Feb 26 09:50:21 CST 2025
Actions运行记录 Thu Feb 27 09:51:09 CST 2025
Actions运行记录 Fri Feb 28 09:51:15 CST 2025
Actions运行记录 Sat Mar 1 09:57:19 CST 2025
Actions运行记录 Sun Mar 2 09:56:23 CST 2025
Actions运行记录 Mon Mar 3 09:54:10 CST 2025
Actions运行记录 Tue Mar 4 09:52:54 CST 2025
Actions运行记录 Wed Mar 5 09:52:49 CST 2025
Actions运行记录 Thu Mar 6 09:53:01 CST 2025
Actions运行记录 Fri Mar 7 09:53:30 CST 2025
Actions运行记录 Sat Mar 8 09:24:27 CST 2025
Actions运行记录 Sun Mar 9 09:37:06 CST 2025
Actions运行记录 Mon Mar 10 09:35:15 CST 2025
Actions运行记录 Tue Mar 11 09:53:56 CST 2025
Actions运行记录 Wed Mar 12 09:52:34 CST 2025
Actions运行记录 Thu Mar 13 09:54:19 CST 2025
Actions运行记录 Fri Mar 14 09:52:22 CST 2025
Actions运行记录 Sat Mar 15 09:51:28 CST 2025
Actions运行记录 Sun Mar 16 10:00:18 CST 2025
Actions运行记录 Mon Mar 17 09:56:59 CST 2025
Actions运行记录 Tue Mar 18 09:55:00 CST 2025
Actions运行记录 Wed Mar 19 09:54:56 CST 2025
Actions运行记录 Thu Mar 20 09:53:59 CST 2025
Actions运行记录 Fri Mar 21 09:55:56 CST 2025
Actions运行记录 Sat Mar 22 09:52:43 CST 2025
Actions运行记录 Sun Mar 23 10:01:35 CST 2025
Actions运行记录 Mon Mar 24 09:59:05 CST 2025
Actions运行记录 Tue Mar 25 09:56:22 CST 2025
Actions运行记录 Wed Mar 26 09:55:36 CST 2025
Actions运行记录 Thu Mar 27 09:55:29 CST 2025
Actions运行记录 Fri Mar 28 09:55:46 CST 2025
Actions运行记录 Sat Mar 29 09:54:36 CST 2025
Actions运行记录 Sun Mar 30 10:03:49 CST 2025
Actions运行记录 Mon Mar 31 10:02:04 CST 2025
Actions运行记录 Tue Apr 1 10:08:49 CST 2025
Actions运行记录 Wed Apr 2 09:57:56 CST 2025
Actions运行记录 Thu Apr 3 09:56:17 CST 2025
Actions运行记录 Fri Apr 4 09:56:18 CST 2025
Actions运行记录 Sat Apr 5 09:54:46 CST 2025
Actions运行记录 Sun Apr 6 10:02:50 CST 2025
Actions运行记录 Mon Apr 7 10:00:04 CST 2025
Actions运行记录 Tue Apr 8 09:57:12 CST 2025
Actions运行记录 Wed Apr 9 09:57:19 CST 2025
Actions运行记录 Thu Apr 10 09:57:24 CST 2025
Actions运行记录 Fri Apr 11 09:58:04 CST 2025
Actions运行记录 Sat Apr 12 09:55:13 CST 2025
Actions运行记录 Sun Apr 13 11:24:09 CST 2025
Actions运行记录 Mon Apr 14 10:02:07 CST 2025
Actions运行记录 Tue Apr 15 10:00:50 CST 2025
Actions运行记录 Wed Apr 16 10:00:29 CST 2025
Actions运行记录 Thu Apr 17 09:58:50 CST 2025
Actions运行记录 Fri Apr 18 09:56:04 CST 2025
Actions运行记录 Sat Apr 19 09:54:03 CST 2025
Actions运行记录 Sun Apr 20 10:05:52 CST 2025
Actions运行记录 Mon Apr 21 10:04:36 CST 2025
Actions运行记录 Tue Apr 22 09:59:28 CST 2025
Actions运行记录 Wed Apr 23 10:00:19 CST 2025
Actions运行记录 Thu Apr 24 10:00:39 CST 2025
Actions运行记录 Fri Apr 25 10:01:14 CST 2025
Actions运行记录 Sat Apr 26 09:56:34 CST 2025
Actions运行记录 Sun Apr 27 10:06:31 CST 2025
Actions运行记录 Mon Apr 28 10:04:24 CST 2025
Actions运行记录 Tue Apr 29 10:01:43 CST 2025
Actions运行记录 Wed Apr 30 10:01:13 CST 2025
Actions运行记录 Thu May 1 10:10:36 CST 2025
Actions运行记录 Fri May 2 10:02:13 CST 2025
Actions运行记录 Sat May 3 09:59:22 CST 2025
Actions运行记录 Sun May 4 10:14:34 CST 2025
Actions运行记录 Mon May 5 10:06:32 CST 2025
Actions运行记录 Tue May 6 10:02:59 CST 2025
Actions运行记录 Wed May 7 10:03:36 CST 2025
Actions运行记录 Thu May 8 10:04:34 CST 2025
Actions运行记录 Fri May 9 10:03:23 CST 2025
Actions运行记录 Sat May 10 09:58:37 CST 2025
Actions运行记录 Sun May 11 10:09:51 CST 2025
Actions运行记录 Mon May 12 10:07:35 CST 2025
Actions运行记录 Tue May 13 10:05:07 CST 2025
Actions运行记录 Wed May 14 10:03:38 CST 2025
Actions运行记录 Thu May 15 10:02:36 CST 2025
Actions运行记录 Fri May 16 10:05:19 CST 2025
Actions运行记录 Sat May 17 10:01:41 CST 2025
Actions运行记录 Sun May 18 10:11:49 CST 2025
Actions运行记录 Mon May 19 10:10:09 CST 2025
Actions运行记录 Tue May 20 10:05:54 CST 2025
Actions运行记录 Wed May 21 10:05:20 CST 2025
Actions运行记录 Thu May 22 10:04:56 CST 2025
Actions运行记录 Fri May 23 10:04:33 CST 2025
Actions运行记录 Sat May 24 10:00:25 CST 2025
Actions运行记录 Sun May 25 10:19:42 CST 2025
Actions运行记录 Mon May 26 10:08:42 CST 2025
Actions运行记录 Tue May 27 10:04:05 CST 2025
Actions运行记录 Wed May 28 10:05:57 CST 2025
Actions运行记录 Thu May 29 10:05:43 CST 2025
Actions运行记录 Fri May 30 10:03:32 CST 2025
Actions运行记录 Sat May 31 10:02:58 CST 2025
Actions运行记录 Sun Jun 1 10:31:08 CST 2025
Actions运行记录 Mon Jun 2 10:11:16 CST 2025
Actions运行记录 Tue Jun 3 10:07:46 CST 2025
Actions运行记录 Wed Jun 4 10:07:49 CST 2025
Actions运行记录 Thu Jun 5 10:06:42 CST 2025
Actions运行记录 Fri Jun 6 10:05:47 CST 2025
Actions运行记录 Sat Jun 7 10:05:06 CST 2025
Actions运行记录 Sun Jun 8 10:22:14 CST 2025
Actions运行记录 Mon Jun 9 10:19:22 CST 2025
Actions运行记录 Tue Jun 10 10:09:40 CST 2025
Actions运行记录 Wed Jun 11 10:08:34 CST 2025
Actions运行记录 Thu Jun 12 10:07:09 CST 2025
Actions运行记录 Fri Jun 13 10:08:44 CST 2025
Actions运行记录 Sat Jun 14 10:03:52 CST 2025
Actions运行记录 Sun Jun 15 10:23:50 CST 2025
Actions运行记录 Mon Jun 16 10:17:56 CST 2025
Actions运行记录 Tue Jun 17 10:09:14 CST 2025
Actions运行记录 Wed Jun 18 10:08:04 CST 2025
Actions运行记录 Thu Jun 19 10:08:49 CST 2025
Actions运行记录 Fri Jun 20 10:07:59 CST 2025
Actions运行记录 Sat Jun 21 10:05:27 CST 2025
Actions运行记录 Sun Jun 22 10:23:49 CST 2025
Actions运行记录 Mon Jun 23 10:21:59 CST 2025
Actions运行记录 Tue Jun 24 10:09:50 CST 2025
Actions运行记录 Wed Jun 25 10:09:56 CST 2025
Actions运行记录 Thu Jun 26 10:09:14 CST 2025
Actions运行记录 Fri Jun 27 10:09:53 CST 2025
Actions运行记录 Sat Jun 28 10:05:17 CST 2025
Actions运行记录 Sun Jun 29 10:26:22 CST 2025
Actions运行记录 Mon Jun 30 10:20:59 CST 2025
Actions运行记录 Tue Jul 1 10:27:28 CST 2025
Actions运行记录 Wed Jul 2 10:09:33 CST 2025
Actions运行记录 Thu Jul 3 10:09:51 CST 2025
Actions运行记录 Fri Jul 4 10:09:08 CST 2025
Actions运行记录 Sat Jul 5 10:05:09 CST 2025
Actions运行记录 Sun Jul 6 10:24:57 CST 2025
Actions运行记录 Mon Jul 7 10:21:33 CST 2025
Actions运行记录 Tue Jul 8 10:10:28 CST 2025
Actions运行记录 Wed Jul 9 10:17:53 CST 2025
Actions运行记录 Thu Jul 10 10:18:06 CST 2025
Actions运行记录 Fri Jul 11 10:20:54 CST 2025
Actions运行记录 Sat Jul 12 10:21:14 CST 2025
Actions运行记录 Sun Jul 13 10:29:57 CST 2025
Actions运行记录 Mon Jul 14 10:25:13 CST 2025
Actions运行记录 Tue Jul 15 10:24:46 CST 2025
Actions运行记录 Wed Jul 16 10:21:24 CST 2025
Actions运行记录 Thu Jul 17 10:22:16 CST 2025
Actions运行记录 Fri Jul 18 10:23:38 CST 2025
Actions运行记录 Sat Jul 19 10:17:30 CST 2025
Actions运行记录 Sun Jul 20 10:32:30 CST 2025
Actions运行记录 Mon Jul 21 10:29:01 CST 2025
Actions运行记录 Tue Jul 22 10:22:56 CST 2025
Actions运行记录 Wed Jul 23 10:24:07 CST 2025
Actions运行记录 Thu Jul 24 10:23:17 CST 2025
Actions运行记录 Fri Jul 25 10:23:01 CST 2025
Actions运行记录 Sat Jul 26 10:19:15 CST 2025
Actions运行记录 Sun Jul 27 10:33:32 CST 2025
Actions运行记录 Mon Jul 28 10:30:03 CST 2025
Actions运行记录 Tue Jul 29 10:35:00 CST 2025
Actions运行记录 Wed Jul 30 10:26:12 CST 2025
Actions运行记录 Thu Jul 31 10:25:30 CST 2025
Actions运行记录 Fri Aug 1 10:37:38 CST 2025
Actions运行记录 Sat Aug 2 10:20:04 CST 2025
Actions运行记录 Sun Aug 3 10:36:09 CST 2025
Actions运行记录 Mon Aug 4 10:35:26 CST 2025
Actions运行记录 Tue Aug 5 10:28:51 CST 2025
Actions运行记录 Wed Aug 6 10:26:59 CST 2025
Actions运行记录 Thu Aug 7 10:27:16 CST 2025
Actions运行记录 Fri Aug 8 10:27:07 CST 2025
Actions运行记录 Sat Aug 9 10:09:11 CST 2025
Actions运行记录 Sun Aug 10 10:31:10 CST 2025
Actions运行记录 Mon Aug 11 10:26:41 CST 2025
Actions运行记录 Tue Aug 12 10:08:31 CST 2025
Actions运行记录 Wed Aug 13 10:10:08 CST 2025
Actions运行记录 Thu Aug 14 10:11:01 CST 2025
Actions运行记录 Fri Aug 15 10:17:27 CST 2025
Actions运行记录 Sat Aug 16 10:05:33 CST 2025
Actions运行记录 Sun Aug 17 10:23:16 CST 2025
Actions运行记录 Mon Aug 18 10:23:32 CST 2025
Actions运行记录 Tue Aug 19 10:04:14 CST 2025
Actions运行记录 Wed Aug 20 10:02:10 CST 2025
Actions运行记录 Thu Aug 21 10:00:48 CST 2025
Actions运行记录 Fri Aug 22 10:01:45 CST 2025
Actions运行记录 Sat Aug 23 09:57:14 CST 2025
Actions运行记录 Sun Aug 24 10:18:30 CST 2025
Actions运行记录 Mon Aug 25 10:06:33 CST 2025
Actions运行记录 Tue Aug 26 10:02:39 CST 2025
Actions运行记录 Wed Aug 27 09:58:47 CST 2025
Actions运行记录 Thu Aug 28 09:57:56 CST 2025
Actions运行记录 Fri Aug 29 09:57:59 CST 2025
Actions运行记录 Sat Aug 30 09:52:26 CST 2025
Actions运行记录 Sun Aug 31 10:03:59 CST 2025
Actions运行记录 Mon Sep 1 10:20:19 CST 2025
Actions运行记录 Tue Sep 2 10:00:04 CST 2025
Actions运行记录 Wed Sep 3 09:51:52 CST 2025
Actions运行记录 Thu Sep 4 09:52:34 CST 2025
Actions运行记录 Fri Sep 5 09:55:08 CST 2025
Actions运行记录 Sat Sep 6 09:52:08 CST 2025
Actions运行记录 Sun Sep 7 10:01:15 CST 2025
Actions运行记录 Mon Sep 8 10:01:03 CST 2025
Actions运行记录 Tue Sep 9 09:56:47 CST 2025
Actions运行记录 Wed Sep 10 09:52:59 CST 2025
